-------------------------------------------------------------------------------
Test set: com.wilfried.helloworld.AppTest
-------------------------------------------------------------------------------
Tests run: 4, Failures: 1, Errors: 0, Skipped: 0, Time elapsed: 0.042 s <<< FAILURE! - in com.wilfried.helloworld.AppTest
TestCalculerDivisionFaux(com.wilfried.helloworld.AppTest)  Time elapsed: 0.007 s  <<< FAILURE!
java.lang.AssertionError: expected:<4> but was:<5>
	at com.wilfried.helloworld.AppTest.TestCalculerDivisionFaux(AppTest.java:37)

