<?xml version="1.0" encoding="UTF-8"?>
<testsuite xmlns:xsi="http://www.w3.org/2001/XMLSchema-instance" xsi:noNamespaceSchemaLocation="https://maven.apache.org/surefire/maven-surefire-plugin/xsd/surefire-test-report.xsd" name="com.wilfried.helloworld.AppTest" time="0.042" tests="4" errors="0" skipped="0" failures="1">
  <properties>
[...]
</properties>
  <testcase name="TestCalculerMultiplication" classname="com.wilfried.helloworld.AppTest" time="0.003"/>
  <testcase name="TestCalculerSoustraction" classname="com.wilfried.helloworld.AppTest" time="0"/>
  <testcase name="TestCalculerDivisionFaux" classname="com.wilfried.helloworld.AppTest" time="0.007">
    <failure message="expected:&lt;4&gt; but was:&lt;5&gt;" type="java.lang.AssertionError"><![CDATA[java.lang.AssertionError: expected:<4> but was:<5>
	at com.wilfried.helloworld.AppTest.TestCalculerDivisionFaux(AppTest.java:37)
]]></failure>
  </testcase>
  <testcase name="TestCalculerAddition" classname="com.wilfried.helloworld.AppTest" time="0.001"/>
</testsuite>